2025-05-09 11:09:42,321 [INFO] predict: Attempting to load model from: C:\Users\Disha\Downloads\new\frontend\streamlit_app\model\disaster_risk_model.pkl
2025-05-09 11:09:42,370 [ERROR] predict: Comprehensive error loading model from C:\Users\Disha\Downloads\new\frontend\streamlit_app\model\disaster_risk_model.pkl: Can't get attribute 'DisasterRiskNetwork' on <module '__main__' from 'streamlit_app/app.py'>
2025-05-09 11:09:42,372 [ERROR] disaster_prediction: Predictor initialization error: Can't get attribute 'DisasterRiskNetwork' on <module '__main__' from 'streamlit_app/app.py'>
2025-05-09 11:11:01,070 [INFO] predict: Attempting to load model from: C:\Users\Disha\Downloads\new\frontend\streamlit_app\model\disaster_risk_model.pkl
2025-05-09 11:11:01,083 [ERROR] predict: Comprehensive error loading model from C:\Users\Disha\Downloads\new\frontend\streamlit_app\model\disaster_risk_model.pkl: Can't get attribute 'DisasterRiskNetwork' on <module '__main__' from 'app.py'>
2025-05-09 11:11:01,086 [ERROR] disaster_prediction: Predictor initialization error: Can't get attribute 'DisasterRiskNetwork' on <module '__main__' from 'app.py'>
2025-05-09 11:17:56,677 [INFO] streamlit_app.model_loader: Loading model from: C:\Users\Disha\Downloads\new\frontend\streamlit_app\model\disaster_risk_model.pkl
2025-05-09 11:17:56,705 [ERROR] streamlit_app.model_loader: Error loading model: Can't get attribute 'DisasterRiskNetwork' on <module '__main__' from 'app.py'>
2025-05-09 11:17:56,706 [ERROR] streamlit_app.predictor: Error loading model: Can't get attribute 'DisasterRiskNetwork' on <module '__main__' from 'app.py'>
2025-05-09 11:17:56,707 [ERROR] disaster_prediction: Predictor initialization error: Can't get attribute 'DisasterRiskNetwork' on <module '__main__' from 'app.py'>
2025-05-09 11:21:25,380 [INFO] disaster_prediction: Predictor initialized successfully
2025-05-09 11:21:42,925 [INFO] disaster_prediction: Predictor initialized successfully
2025-05-09 11:21:47,922 [INFO] disaster_prediction: Predictor initialized successfully
2025-05-09 11:21:52,730 [INFO] disaster_prediction: Predictor initialized successfully
2025-05-09 11:21:56,688 [INFO] disaster_prediction: Predictor initialized successfully
2025-05-09 11:22:00,655 [INFO] disaster_prediction: Predictor initialized successfully
2025-05-09 11:22:07,340 [INFO] disaster_prediction: Predictor initialized successfully
2025-05-09 11:22:13,876 [INFO] disaster_prediction: Predictor initialized successfully
2025-05-09 11:22:21,946 [INFO] disaster_prediction: Predictor initialized successfully
2025-05-09 11:22:26,677 [INFO] disaster_prediction: Predictor initialized successfully
2025-05-09 11:22:37,658 [INFO] disaster_prediction: Predictor initialized successfully
2025-05-09 11:22:41,017 [INFO] disaster_prediction: Predictor initialized successfully
2025-05-09 11:22:46,905 [INFO] disaster_prediction: Predictor initialized successfully
2025-05-09 11:22:52,044 [INFO] disaster_prediction: Predictor initialized successfully
2025-05-09 11:22:56,277 [INFO] disaster_prediction: Predictor initialized successfully
2025-05-09 11:22:57,715 [INFO] disaster_prediction: Predictor initialized successfully
2025-05-09 11:23:07,339 [INFO] disaster_prediction: Predictor initialized successfully
2025-05-09 11:23:07,342 [ERROR] streamlit_app.components.map_visualization: Error loading world map: The geopandas.dataset has been deprecated and was removed in GeoPandas 1.0. You can get the original 'naturalearth_lowres' data from https://www.naturalearthdata.com/downloads/110m-cultural-vectors/.
2025-05-09 11:23:12,620 [INFO] disaster_prediction: Predictor initialized successfully
2025-05-09 11:23:46,493 [INFO] disaster_prediction: Predictor initialized successfully
2025-05-09 11:23:46,498 [ERROR] streamlit_app.components.map_visualization: Error loading world map: The geopandas.dataset has been deprecated and was removed in GeoPandas 1.0. You can get the original 'naturalearth_lowres' data from https://www.naturalearthdata.com/downloads/110m-cultural-vectors/.
2025-05-09 11:26:46,102 [INFO] disaster_prediction: Predictor initialized successfully
2025-05-09 11:26:54,202 [INFO] disaster_prediction: Predictor initialized successfully
2025-05-09 11:26:54,210 [INFO] streamlit_app.components.map_visualization: Downloading Natural Earth data from https://www.naturalearthdata.com/http//www.naturalearthdata.com/download/110m/cultural/ne_110m_admin_0_countries.zip
2025-05-09 11:26:55,278 [ERROR] streamlit_app.components.map_visualization: Failed to download data: HTTP 406
2025-05-09 11:26:55,282 [WARNING] streamlit_app.components.map_visualization: Using fallback world map data
2025-05-09 11:26:55,391 [INFO] streamlit_app.components.map_visualization: Caching world map to: C:\Users\Disha\Downloads\new\frontend\streamlit_app\data\world_map.geojson
2025-05-09 11:26:56,879 [INFO] pyogrio._io: Created 12 records
2025-05-09 11:28:45,423 [INFO] disaster_prediction: Predictor initialized successfully
2025-05-09 11:28:52,206 [INFO] disaster_prediction: Predictor initialized successfully
2025-05-09 11:28:52,210 [INFO] streamlit_app.components.map_visualization: Loading world map from cache: C:\Users\Disha\Downloads\new\frontend\streamlit_app\data\world_map.geojson
2025-05-09 11:29:57,715 [INFO] disaster_prediction: Predictor initialized successfully
2025-05-09 11:30:17,218 [INFO] disaster_prediction: Predictor initialized successfully
2025-05-09 11:30:17,222 [INFO] streamlit_app.components.map_visualization: Loading world map from cache: C:\Users\Disha\Downloads\new\frontend\streamlit_app\data\world_map.geojson
2025-05-09 11:30:52,734 [INFO] disaster_prediction: Predictor initialized successfully
2025-05-09 11:58:09,544 [INFO] disaster_prediction: Predictor initialized successfully
2025-05-09 11:58:13,837 [INFO] disaster_prediction: Predictor initialized successfully
2025-05-09 11:58:13,841 [INFO] streamlit_app.components.map_visualization: Loading world map from cache: C:\Users\Disha\Downloads\new\frontend\streamlit_app\data\world_map.geojson
2025-05-09 11:58:29,046 [INFO] disaster_prediction: Predictor initialized successfully
2025-05-09 11:58:30,987 [INFO] disaster_prediction: Predictor initialized successfully
2025-05-09 11:58:30,990 [INFO] streamlit_app.components.map_visualization: Loading world map from cache: C:\Users\Disha\Downloads\new\frontend\streamlit_app\data\world_map.geojson
2025-05-10 20:33:37,403 [INFO] disaster_prediction: Predictor initialized successfully
2025-05-10 20:34:02,295 [INFO] disaster_prediction: Predictor initialized successfully
2025-05-10 20:34:02,306 [ERROR] disaster_prediction: Page routing error: module 'streamlit' has no attribute 'experimental_rerun'
2025-05-10 20:34:05,244 [INFO] disaster_prediction: Predictor initialized successfully
2025-05-10 20:34:42,898 [INFO] disaster_prediction: Predictor initialized successfully
2025-05-10 20:34:43,028 [ERROR] streamlit_app.components.risk_assessment: Prediction error: np.int32(0)
2025-05-10 20:35:33,505 [INFO] disaster_prediction: Predictor initialized successfully
2025-05-10 20:35:33,566 [ERROR] streamlit_app.components.risk_assessment: Prediction error: np.int32(0)
2025-05-10 20:35:35,731 [INFO] disaster_prediction: Predictor initialized successfully
2025-05-10 20:35:35,792 [ERROR] streamlit_app.components.risk_assessment: Prediction error: np.int32(0)
2025-05-10 20:35:40,842 [INFO] disaster_prediction: Predictor initialized successfully
2025-05-10 20:35:40,894 [ERROR] disaster_prediction: Page routing error: `st.session_state.slider_Magnitude` cannot be modified after the widget with key `slider_Magnitude` is instantiated.
2025-05-10 20:35:46,818 [INFO] disaster_prediction: Predictor initialized successfully
2025-05-10 20:35:46,881 [ERROR] streamlit_app.components.risk_assessment: Prediction error: np.int32(0)
2025-05-10 20:35:55,359 [INFO] disaster_prediction: Predictor initialized successfully
2025-05-10 20:35:55,374 [INFO] streamlit_app.components.map_visualization: Loading world map from cache: C:\Users\Disha\Downloads\new\frontend\streamlit_app\data\world_map.geojson
2025-05-10 20:36:00,824 [ERROR] streamlit_app.components.map_visualization: Error generating risk map: Duplicate column names found: ['Country', 'Risk Level', 'Population', 'GDP', 'Risk Probability', 'Risk Probability']
2025-05-10 20:36:16,841 [INFO] disaster_prediction: Predictor initialized successfully
2025-05-10 20:41:26,018 [INFO] disaster_prediction: Predictor initialized successfully
2025-05-10 20:41:44,245 [INFO] disaster_prediction: Predictor initialized successfully
2025-05-10 20:41:44,472 [INFO] disaster_prediction: Predictor initialized successfully
2025-05-10 20:41:44,492 [INFO] streamlit_app.components.map_visualization: Loading world map from cache: C:\Users\Disha\Downloads\new\frontend\streamlit_app\data\world_map.geojson
2025-05-10 20:41:45,966 [ERROR] streamlit_app.components.map_visualization: Error generating risk map: Duplicate column names found: ['Country', 'Risk Level', 'Population', 'GDP', 'Risk Probability', 'Risk Probability']
2025-05-10 20:42:10,520 [INFO] disaster_prediction: Predictor initialized successfully
2025-05-10 20:42:10,534 [INFO] streamlit_app.components.map_visualization: Loading world map from cache: C:\Users\Disha\Downloads\new\frontend\streamlit_app\data\world_map.geojson
2025-05-10 20:42:10,840 [ERROR] streamlit_app.components.map_visualization: Error generating risk map: Duplicate column names found: ['Country', 'Risk Level', 'Population', 'GDP', 'Risk Probability', 'Risk Probability']
2025-05-10 20:42:16,634 [INFO] disaster_prediction: Predictor initialized successfully
2025-05-10 20:42:22,629 [INFO] disaster_prediction: Predictor initialized successfully
2025-05-10 20:42:22,680 [ERROR] streamlit_app.components.risk_assessment: Error applying scenario: `st.session_state.slider_Magnitude` cannot be modified after the widget with key `slider_Magnitude` is instantiated.
2025-05-10 20:42:26,665 [INFO] disaster_prediction: Predictor initialized successfully
2025-05-10 20:42:26,704 [ERROR] streamlit_app.components.risk_assessment: Error applying scenario: `st.session_state.slider_Magnitude` cannot be modified after the widget with key `slider_Magnitude` is instantiated.
2025-05-10 20:42:28,051 [INFO] disaster_prediction: Predictor initialized successfully
2025-05-10 20:42:28,103 [ERROR] streamlit_app.components.risk_assessment: Error applying scenario: `st.session_state.slider_Magnitude` cannot be modified after the widget with key `slider_Magnitude` is instantiated.
2025-05-10 20:42:29,327 [INFO] disaster_prediction: Predictor initialized successfully
2025-05-10 20:42:29,382 [ERROR] streamlit_app.components.risk_assessment: Error applying scenario: `st.session_state.slider_Magnitude` cannot be modified after the widget with key `slider_Magnitude` is instantiated.
2025-05-10 20:42:43,071 [INFO] disaster_prediction: Predictor initialized successfully
2025-05-10 21:01:27,873 [INFO] disaster_prediction: Predictor initialized successfully
2025-05-10 21:01:34,454 [INFO] disaster_prediction: Predictor initialized successfully
2025-05-10 21:01:34,455 [ERROR] disaster_prediction: Page routing error: name 'st' is not defined
2025-05-10 21:01:37,062 [INFO] disaster_prediction: Predictor initialized successfully
2025-05-10 21:01:37,063 [ERROR] disaster_prediction: Page routing error: name 'st' is not defined
2025-05-10 21:02:35,352 [INFO] disaster_prediction: Predictor initialized successfully
2025-05-10 21:02:39,172 [INFO] disaster_prediction: Predictor initialized successfully
2025-05-10 21:02:43,693 [INFO] disaster_prediction: Predictor initialized successfully
2025-05-10 21:02:43,697 [INFO] streamlit_app.components.map_visualization: Loading world map from cache: C:\Users\Disha\Downloads\new\frontend\streamlit_app\data\world_map.geojson
2025-05-10 21:03:28,686 [INFO] disaster_prediction: Predictor initialized successfully
2025-05-10 21:03:31,349 [INFO] disaster_prediction: Predictor initialized successfully
2025-05-10 21:03:31,356 [INFO] streamlit_app.components.map_visualization: Loading world map from cache: C:\Users\Disha\Downloads\new\frontend\streamlit_app\data\world_map.geojson
2025-05-10 21:03:31,992 [ERROR] streamlit_app.components.map_visualization: Error generating risk map: Duplicate column names found: ['Country', 'Risk Level', 'Population', 'GDP', 'Risk Probability', 'Risk Probability']
2025-05-10 21:03:42,166 [INFO] disaster_prediction: Predictor initialized successfully
2025-05-10 21:03:42,182 [INFO] streamlit_app.components.map_visualization: Loading world map from cache: C:\Users\Disha\Downloads\new\frontend\streamlit_app\data\world_map.geojson
2025-05-10 21:03:42,343 [ERROR] streamlit_app.components.map_visualization: Error generating risk map: Duplicate column names found: ['Country', 'Risk Level', 'Population', 'GDP', 'Risk Probability', 'Risk Probability']
2025-05-10 21:03:48,581 [INFO] disaster_prediction: Predictor initialized successfully
2025-05-10 21:03:48,596 [INFO] streamlit_app.components.map_visualization: Loading world map from cache: C:\Users\Disha\Downloads\new\frontend\streamlit_app\data\world_map.geojson
2025-05-10 21:03:48,773 [ERROR] streamlit_app.components.map_visualization: Error generating risk map: Duplicate column names found: ['Country', 'Risk Level', 'Population', 'GDP', 'Risk Probability', 'Risk Probability']
2025-05-10 21:03:59,433 [INFO] disaster_prediction: Predictor initialized successfully
2025-05-10 21:03:59,447 [INFO] streamlit_app.components.map_visualization: Loading world map from cache: C:\Users\Disha\Downloads\new\frontend\streamlit_app\data\world_map.geojson
2025-05-10 21:03:59,749 [ERROR] streamlit_app.components.map_visualization: Error generating risk map: Duplicate column names found: ['Country', 'Risk Level', 'Population', 'GDP', 'Risk Probability', 'Risk Probability']
2025-05-10 21:04:14,658 [INFO] disaster_prediction: Predictor initialized successfully
2025-05-10 21:12:27,246 [INFO] disaster_prediction: Predictor initialized successfully
2025-05-10 21:12:35,078 [INFO] disaster_prediction: Predictor initialized successfully
2025-05-10 21:12:45,575 [INFO] disaster_prediction: Predictor initialized successfully
2025-05-10 21:12:46,594 [ERROR] streamlit_app.components.risk_assessment: Prediction error: All arguments should have the same length. The length of argument `y` is 3, whereas the length of previously-processed arguments ['x'] is 5
2025-05-10 21:12:56,293 [INFO] disaster_prediction: Predictor initialized successfully
2025-05-10 21:12:56,350 [ERROR] streamlit_app.components.risk_assessment: Error applying scenario: `st.session_state.slider_Magnitude` cannot be modified after the widget with key `slider_Magnitude` is instantiated.
2025-05-10 21:12:59,359 [INFO] disaster_prediction: Predictor initialized successfully
2025-05-10 21:12:59,415 [ERROR] streamlit_app.components.risk_assessment: Error applying scenario: `st.session_state.slider_Magnitude` cannot be modified after the widget with key `slider_Magnitude` is instantiated.
2025-05-10 21:13:04,657 [INFO] disaster_prediction: Predictor initialized successfully
2025-05-10 21:13:04,669 [INFO] streamlit_app.components.map_visualization: Loading world map from cache: C:\Users\Disha\Downloads\new\frontend\streamlit_app\data\world_map.geojson
2025-05-10 21:13:05,121 [ERROR] streamlit_app.components.map_visualization: Error generating risk map: Duplicate column names found: ['Country', 'Risk Level', 'Population', 'GDP', 'Risk Probability', 'Risk Probability']
2025-05-10 21:13:34,272 [INFO] disaster_prediction: Predictor initialized successfully
2025-05-10 21:14:55,289 [INFO] disaster_prediction: Predictor initialized successfully
2025-05-10 21:17:06,979 [INFO] disaster_prediction: Predictor initialized successfully
